  main.cpp
F:\3rd Year\AT (Advanced Technologies)\Task 3 (RayTracer)\RayTracer\vec3.h(60,10): warning C4244: 'initializing': conversion from 'double' to 'float', possible loss of data
F:\3rd Year\AT (Advanced Technologies)\Task 3 (RayTracer)\RayTracer\vec3.h(153,10): warning C4244: 'initializing': conversion from 'double' to 'float', possible loss of data
  class template optional is only available with C++17 or later.
F:\3rd Year\AT (Advanced Technologies)\Task 3 (RayTracer)\RayTracer\aarect.h(16,30): warning C4244: 'argument': conversion from 'double' to 'float', possible loss of data
F:\3rd Year\AT (Advanced Technologies)\Task 3 (RayTracer)\RayTracer\aarect.h(16,56): warning C4244: 'argument': conversion from 'double' to 'float', possible loss of data
F:\3rd Year\AT (Advanced Technologies)\Task 3 (RayTracer)\RayTracer\aarect.h(33,25): warning C4244: 'argument': conversion from 'double' to 'float', possible loss of data
F:\3rd Year\AT (Advanced Technologies)\Task 3 (RayTracer)\RayTracer\aarect.h(33,51): warning C4244: 'argument': conversion from 'double' to 'float', possible loss of data
F:\3rd Year\AT (Advanced Technologies)\Task 3 (RayTracer)\RayTracer\aarect.h(50,21): warning C4244: 'argument': conversion from 'double' to 'float', possible loss of data
F:\3rd Year\AT (Advanced Technologies)\Task 3 (RayTracer)\RayTracer\aarect.h(50,47): warning C4244: 'argument': conversion from 'double' to 'float', possible loss of data
F:\3rd Year\AT (Advanced Technologies)\Task 3 (RayTracer)\RayTracer\numgen.h(8,16): warning C4244: 'return': conversion from 'double' to 'float', possible loss of data
F:\3rd Year\AT (Advanced Technologies)\Task 3 (RayTracer)\RayTracer\camera.h(31,15): warning C4244: 'initializing': conversion from 'double' to 'float', possible loss of data
F:\3rd Year\AT (Advanced Technologies)\Task 3 (RayTracer)\RayTracer\hittable_list.h(46,30): warning C4244: 'argument': conversion from 'double' to 'float', possible loss of data
F:\3rd Year\AT (Advanced Technologies)\Task 3 (RayTracer)\RayTracer\material.h(35,21): warning C4244: 'initializing': conversion from 'double' to 'float', possible loss of data
F:\3rd Year\AT (Advanced Technologies)\Task 3 (RayTracer)\RayTracer\material.h(124,22): warning C4244: '=': conversion from 'double' to 'float', possible loss of data
F:\3rd Year\AT (Advanced Technologies)\Task 3 (RayTracer)\RayTracer\main.cpp(22,8): warning C4305: 'argument': truncation from 'double' to 'float'
F:\3rd Year\AT (Advanced Technologies)\Task 3 (RayTracer)\RayTracer\main.cpp(41,78): warning C4305: 'argument': truncation from 'double' to 'float'
F:\3rd Year\AT (Advanced Technologies)\Task 3 (RayTracer)\RayTracer\main.cpp(42,80): warning C4305: 'argument': truncation from 'double' to 'float'
F:\3rd Year\AT (Advanced Technologies)\Task 3 (RayTracer)\RayTracer\main.cpp(43,80): warning C4305: 'argument': truncation from 'double' to 'float'
F:\3rd Year\AT (Advanced Technologies)\Task 3 (RayTracer)\RayTracer\main.cpp(60,48): warning C4305: 'argument': truncation from 'double' to 'float'
F:\3rd Year\AT (Advanced Technologies)\Task 3 (RayTracer)\RayTracer\main.cpp(61,48): warning C4305: 'argument': truncation from 'double' to 'float'
F:\3rd Year\AT (Advanced Technologies)\Task 3 (RayTracer)\RayTracer\main.cpp(75,48): warning C4305: 'argument': truncation from 'double' to 'float'
F:\3rd Year\AT (Advanced Technologies)\Task 3 (RayTracer)\RayTracer\main.cpp(76,48): warning C4305: 'argument': truncation from 'double' to 'float'
F:\3rd Year\AT (Advanced Technologies)\Task 3 (RayTracer)\RayTracer\main.cpp(95,48): warning C4305: 'argument': truncation from 'double' to 'float'
F:\3rd Year\AT (Advanced Technologies)\Task 3 (RayTracer)\RayTracer\main.cpp(96,48): warning C4305: 'argument': truncation from 'double' to 'float'
F:\3rd Year\AT (Advanced Technologies)\Task 3 (RayTracer)\RayTracer\main.cpp(106,60): warning C4244: 'argument': conversion from 'double' to 'float', possible loss of data
F:\3rd Year\AT (Advanced Technologies)\Task 3 (RayTracer)\RayTracer\main.cpp(106,81): warning C4305: 'argument': truncation from 'double' to 'float'
F:\3rd Year\AT (Advanced Technologies)\Task 3 (RayTracer)\RayTracer\main.cpp(106,31): warning C4244: 'argument': conversion from 'double' to 'float', possible loss of data
F:\3rd Year\AT (Advanced Technologies)\Task 3 (RayTracer)\RayTracer\main.cpp(107,20): warning C4305: 'argument': truncation from 'double' to 'float'
F:\3rd Year\AT (Advanced Technologies)\Task 3 (RayTracer)\RayTracer\main.cpp(111,81): warning C4244: 'argument': conversion from 'double' to 'float', possible loss of data
F:\3rd Year\AT (Advanced Technologies)\Task 3 (RayTracer)\RayTracer\main.cpp(114,65): warning C4305: 'argument': truncation from 'double' to 'float'
F:\3rd Year\AT (Advanced Technologies)\Task 3 (RayTracer)\RayTracer\main.cpp(121,37): warning C4244: 'argument': conversion from 'double' to 'float', possible loss of data
F:\3rd Year\AT (Advanced Technologies)\Task 3 (RayTracer)\RayTracer\main.cpp(120,37): warning C4244: 'argument': conversion from 'double' to 'float', possible loss of data
F:\3rd Year\AT (Advanced Technologies)\Task 3 (RayTracer)\RayTracer\main.cpp(119,48): warning C4244: 'argument': conversion from 'double' to 'float', possible loss of data
F:\3rd Year\AT (Advanced Technologies)\Task 3 (RayTracer)\RayTracer\main.cpp(122,37): warning C4244: 'argument': conversion from 'double' to 'float', possible loss of data
F:\3rd Year\AT (Advanced Technologies)\Task 3 (RayTracer)\RayTracer\main.cpp(123,26): warning C4305: 'argument': truncation from 'double' to 'float'
F:\3rd Year\AT (Advanced Technologies)\Task 3 (RayTracer)\RayTracer\main.cpp(127,81): warning C4305: 'argument': truncation from 'double' to 'float'
F:\3rd Year\AT (Advanced Technologies)\Task 3 (RayTracer)\RayTracer\main.cpp(136,76): warning C4305: 'argument': truncation from 'double' to 'float'
F:\3rd Year\AT (Advanced Technologies)\Task 3 (RayTracer)\RayTracer\main.cpp(173,1): warning C4010: single-line comment contains line-continuation character
  Generating code
  Previous IPDB and IOBJ mismatch, fall back to full compilation.
  All 215 functions were compiled because no usable IPDB/IOBJ from previous compilation was found.
  Finished generating code
  RayTracer.vcxproj -> F:\3rd Year\AT (Advanced Technologies)\Task 3 (RayTracer)\RayTracer\Release\RayTracer.exe
